Analysis & Synthesis report for Sistema_Ascensor_Top
Mon Jun 09 22:00:00 2025
Quartus II 64-Bit Version 13.1.0 Build 162 10/23/2013 SJ Web Edition


---------------------
; Table of Contents ;
---------------------
  1. Legal Notice
  2. Analysis & Synthesis Summary
  3. Analysis & Synthesis Settings
  4. Parallel Compilation
  5. Analysis & Synthesis Source Files Read
  6. Analysis & Synthesis Resource Usage Summary
  7. Analysis & Synthesis Resource Utilization by Entity
  8. State Machine - |Sistema_Ascensor_Top|Ascensor_top:Ascensor_inst|main_state
  9. Registers Removed During Synthesis
 10. General Register Statistics
 11. Inverted Register Statistics
 12. Multiplexer Restructuring Statistics (Restructuring Performed)
 13. Parameter Settings for User Entity Instance: Ascensor_top:Ascensor_inst
 14. Elapsed Time Per Partition
 15. Analysis & Synthesis Messages



----------------
; Legal Notice ;
----------------
Copyright (C) 1991-2013 Altera Corporation
Your use of Altera Corporation's design tools, logic functions 
and other software and tools, and its AMPP partner logic 
functions, and any output files from any of the foregoing 
(including device programming or simulation files), and any 
associated documentation or information are expressly subject 
to the terms and conditions of the Altera Program License 
Subscription Agreement, Altera MegaCore Function License 
Agreement, or other applicable license agreement, including, 
without limitation, that your use is for the sole purpose of 
programming logic devices manufactured by Altera and sold by 
Altera or its authorized distributors.  Please refer to the 
applicable agreement for further details.



+---------------------------------------------------------------------------------+
; Analysis & Synthesis Summary                                                    ;
+------------------------------------+--------------------------------------------+
; Analysis & Synthesis Status        ; Successful - Mon Jun 09 22:00:00 2025      ;
; Quartus II 64-Bit Version          ; 13.1.0 Build 162 10/23/2013 SJ Web Edition ;
; Revision Name                      ; Sistema_Ascensor_Top                       ;
; Top-level Entity Name              ; Sistema_Ascensor_Top                       ;
; Family                             ; Cyclone III                                ;
; Total logic elements               ; 550                                        ;
;     Total combinational functions  ; 532                                        ;
;     Dedicated logic registers      ; 206                                        ;
; Total registers                    ; 206                                        ;
; Total pins                         ; 46                                         ;
; Total virtual pins                 ; 0                                          ;
; Total memory bits                  ; 0                                          ;
; Embedded Multiplier 9-bit elements ; 0                                          ;
; Total PLLs                         ; 0                                          ;
+------------------------------------+--------------------------------------------+


+--------------------------------------------------------------------------------------------------------------------------+
; Analysis & Synthesis Settings                                                                                            ;
+----------------------------------------------------------------------------+----------------------+----------------------+
; Option                                                                     ; Setting              ; Default Value        ;
+----------------------------------------------------------------------------+----------------------+----------------------+
; Device                                                                     ; EP3C16F484C6         ;                      ;
; Top-level entity name                                                      ; Sistema_Ascensor_Top ; Sistema_Ascensor_Top ;
; Family name                                                                ; Cyclone III          ; Cyclone IV GX        ;
; Use smart compilation                                                      ; Off                  ; Off                  ;
; Enable parallel Assembler and TimeQuest Timing Analyzer during compilation ; On                   ; On                   ;
; Enable compact report table                                                ; Off                  ; Off                  ;
; Restructure Multiplexers                                                   ; Auto                 ; Auto                 ;
; Create Debugging Nodes for IP Cores                                        ; Off                  ; Off                  ;
; Preserve fewer node names                                                  ; On                   ; On                   ;
; Disable OpenCore Plus hardware evaluation                                  ; Off                  ; Off                  ;
; Verilog Version                                                            ; Verilog_2001         ; Verilog_2001         ;
; VHDL Version                                                               ; VHDL_1993            ; VHDL_1993            ;
; State Machine Processing                                                   ; Auto                 ; Auto                 ;
; Safe State Machine                                                         ; Off                  ; Off                  ;
; Extract Verilog State Machines                                             ; On                   ; On                   ;
; Extract VHDL State Machines                                                ; On                   ; On                   ;
; Ignore Verilog initial constructs                                          ; Off                  ; Off                  ;
; Iteration limit for constant Verilog loops                                 ; 5000                 ; 5000                 ;
; Iteration limit for non-constant Verilog loops                             ; 250                  ; 250                  ;
; Add Pass-Through Logic to Inferred RAMs                                    ; On                   ; On                   ;
; Infer RAMs from Raw Logic                                                  ; On                   ; On                   ;
; Parallel Synthesis                                                         ; On                   ; On                   ;
; DSP Block Balancing                                                        ; Auto                 ; Auto                 ;
; NOT Gate Push-Back                                                         ; On                   ; On                   ;
; Power-Up Don't Care                                                        ; On                   ; On                   ;
; Remove Redundant Logic Cells                                               ; Off                  ; Off                  ;
; Remove Duplicate Registers                                                 ; On                   ; On                   ;
; Ignore CARRY Buffers                                                       ; Off                  ; Off                  ;
; Ignore CASCADE Buffers                                                     ; Off                  ; Off                  ;
; Ignore GLOBAL Buffers                                                      ; Off                  ; Off                  ;
; Ignore ROW GLOBAL Buffers                                                  ; Off                  ; Off                  ;
; Ignore LCELL Buffers                                                       ; Off                  ; Off                  ;
; Ignore SOFT Buffers                                                        ; On                   ; On                   ;
; Limit AHDL Integers to 32 Bits                                             ; Off                  ; Off                  ;
; Optimization Technique                                                     ; Balanced             ; Balanced             ;
; Carry Chain Length                                                         ; 70                   ; 70                   ;
; Auto Carry Chains                                                          ; On                   ; On                   ;
; Auto Open-Drain Pins                                                       ; On                   ; On                   ;
; Perform WYSIWYG Primitive Resynthesis                                      ; Off                  ; Off                  ;
; Auto ROM Replacement                                                       ; On                   ; On                   ;
; Auto RAM Replacement                                                       ; On                   ; On                   ;
; Auto DSP Block Replacement                                                 ; On                   ; On                   ;
; Auto Shift Register Replacement                                            ; Auto                 ; Auto                 ;
; Allow Shift Register Merging across Hierarchies                            ; Auto                 ; Auto                 ;
; Auto Clock Enable Replacement                                              ; On                   ; On                   ;
; Strict RAM Replacement                                                     ; Off                  ; Off                  ;
; Allow Synchronous Control Signals                                          ; On                   ; On                   ;
; Force Use of Synchronous Clear Signals                                     ; Off                  ; Off                  ;
; Auto RAM Block Balancing                                                   ; On                   ; On                   ;
; Auto RAM to Logic Cell Conversion                                          ; Off                  ; Off                  ;
; Auto Resource Sharing                                                      ; Off                  ; Off                  ;
; Allow Any RAM Size For Recognition                                         ; Off                  ; Off                  ;
; Allow Any ROM Size For Recognition                                         ; Off                  ; Off                  ;
; Allow Any Shift Register Size For Recognition                              ; Off                  ; Off                  ;
; Use LogicLock Constraints during Resource Balancing                        ; On                   ; On                   ;
; Ignore translate_off and synthesis_off directives                          ; Off                  ; Off                  ;
; Timing-Driven Synthesis                                                    ; On                   ; On                   ;
; Report Parameter Settings                                                  ; On                   ; On                   ;
; Report Source Assignments                                                  ; On                   ; On                   ;
; Report Connectivity Checks                                                 ; On                   ; On                   ;
; Ignore Maximum Fan-Out Assignments                                         ; Off                  ; Off                  ;
; Synchronization Register Chain Length                                      ; 2                    ; 2                    ;
; PowerPlay Power Optimization                                               ; Normal compilation   ; Normal compilation   ;
; HDL message level                                                          ; Level2               ; Level2               ;
; Suppress Register Optimization Related Messages                            ; Off                  ; Off                  ;
; Number of Removed Registers Reported in Synthesis Report                   ; 5000                 ; 5000                 ;
; Number of Swept Nodes Reported in Synthesis Report                         ; 5000                 ; 5000                 ;
; Number of Inverted Registers Reported in Synthesis Report                  ; 100                  ; 100                  ;
; Clock MUX Protection                                                       ; On                   ; On                   ;
; Auto Gated Clock Conversion                                                ; Off                  ; Off                  ;
; Block Design Naming                                                        ; Auto                 ; Auto                 ;
; SDC constraint protection                                                  ; Off                  ; Off                  ;
; Synthesis Effort                                                           ; Auto                 ; Auto                 ;
; Shift Register Replacement - Allow Asynchronous Clear Signal               ; On                   ; On                   ;
; Pre-Mapping Resynthesis Optimization                                       ; Off                  ; Off                  ;
; Analysis & Synthesis Message Level                                         ; Medium               ; Medium               ;
; Disable Register Merging Across Hierarchies                                ; Auto                 ; Auto                 ;
; Resource Aware Inference For Block RAM                                     ; On                   ; On                   ;
; Synthesis Seed                                                             ; 1                    ; 1                    ;
+----------------------------------------------------------------------------+----------------------+----------------------+


Parallel compilation was disabled, but you have multiple processors available. Enable parallel compilation to reduce compilation time.
+-------------------------------------+
; Parallel Compilation                ;
+----------------------------+--------+
; Processors                 ; Number ;
+----------------------------+--------+
; Number detected on machine ; 4      ;
; Maximum allowed            ; 1      ;
+----------------------------+--------+


+----------------------------------------------------------------------------------------------------------------------------------------------------------------------------------------------------+
; Analysis & Synthesis Source Files Read                                                                                                                                                             ;
+--------------------------------------------+-----------------+-----------------+---------------------------------------------------------------------------------------------------------+---------+
; File Name with User-Entered Path           ; Used in Netlist ; File Type       ; File Name with Absolute Path                                                                            ; Library ;
+--------------------------------------------+-----------------+-----------------+---------------------------------------------------------------------------------------------------------+---------+
; ../Ascensor_top/Ascensor_top.vhd           ; yes             ; User VHDL File  ; C:/Users/ACER/Desktop/Proyecto Ascensor/Proyecto Ascensor/Ascensor_top/Ascensor_top.vhd                 ;         ;
; ../ContadorPersonas/ContadorPersonas.vhd   ; yes             ; User VHDL File  ; C:/Users/ACER/Desktop/Proyecto Ascensor/Proyecto Ascensor/ContadorPersonas/ContadorPersonas.vhd         ;         ;
; ../Display7Segmentos/Display7Segmentos.vhd ; yes             ; User VHDL File  ; C:/Users/ACER/Desktop/Proyecto Ascensor/Proyecto Ascensor/Display7Segmentos/Display7Segmentos.vhd       ;         ;
; Sistema_Ascensor_Top.vhd                   ; yes             ; User VHDL File  ; C:/Users/ACER/Desktop/Proyecto Ascensor/Proyecto Ascensor/Sistema_Ascensor_Top/Sistema_Ascensor_Top.vhd ;         ;
+--------------------------------------------+-----------------+-----------------+---------------------------------------------------------------------------------------------------------+---------+


+-----------------------------------------------------------+
; Analysis & Synthesis Resource Usage Summary               ;
+---------------------------------------------+-------------+
; Resource                                    ; Usage       ;
+---------------------------------------------+-------------+
; Estimated Total logic elements              ; 550         ;
;                                             ;             ;
; Total combinational functions               ; 532         ;
; Logic element usage by number of LUT inputs ;             ;
;     -- 4 input functions                    ; 180         ;
;     -- 3 input functions                    ; 120         ;
;     -- <=2 input functions                  ; 232         ;
;                                             ;             ;
; Logic elements by mode                      ;             ;
;     -- normal mode                          ; 317         ;
;     -- arithmetic mode                      ; 215         ;
;                                             ;             ;
; Total registers                             ; 206         ;
;     -- Dedicated logic registers            ; 206         ;
;     -- I/O registers                        ; 0           ;
;                                             ;             ;
; I/O pins                                    ; 46          ;
; Embedded Multiplier 9-bit elements          ; 0           ;
; Maximum fan-out node                        ; reset~input ;
; Maximum fan-out                             ; 209         ;
; Total fan-out                               ; 2413        ;
; Average fan-out                             ; 2.91        ;
+---------------------------------------------+-------------+


+-----------------------------------------------------------------------------------------------------------------------------------------------------------------------------------------------------------------------+
; Analysis & Synthesis Resource Utilization by Entity                                                                                                                                                                   ;
+-------------------------------------+-------------------+--------------+-------------+--------------+---------+-----------+------+--------------+------------------------------------------------------+--------------+
; Compilation Hierarchy Node          ; LC Combinationals ; LC Registers ; Memory Bits ; DSP Elements ; DSP 9x9 ; DSP 18x18 ; Pins ; Virtual Pins ; Full Hierarchy Name                                  ; Library Name ;
+-------------------------------------+-------------------+--------------+-------------+--------------+---------+-----------+------+--------------+------------------------------------------------------+--------------+
; |Sistema_Ascensor_Top               ; 532 (12)          ; 206 (0)      ; 0           ; 0            ; 0       ; 0         ; 46   ; 0            ; |Sistema_Ascensor_Top                                ; work         ;
;    |Ascensor_top:Ascensor_inst|     ; 495 (495)         ; 196 (196)    ; 0           ; 0            ; 0       ; 0         ; 0    ; 0            ; |Sistema_Ascensor_Top|Ascensor_top:Ascensor_inst     ; work         ;
;    |ContadorPersonas:Contador_inst| ; 20 (20)           ; 10 (10)      ; 0           ; 0            ; 0       ; 0         ; 0    ; 0            ; |Sistema_Ascensor_Top|ContadorPersonas:Contador_inst ; work         ;
;    |Display7Segmentos:Display_inst| ; 5 (5)             ; 0 (0)        ; 0           ; 0            ; 0       ; 0         ; 0    ; 0            ; |Sistema_Ascensor_Top|Display7Segmentos:Display_inst ; work         ;
+-------------------------------------+-------------------+--------------+-------------+--------------+---------+-----------+------+--------------+------------------------------------------------------+--------------+
Note: For table entries with two numbers listed, the numbers in parentheses indicate the number of resources of the given type used by the specific entity alone. The numbers listed outside of parentheses indicate the total resources of the given type used by the specific entity and all of its sub-entities in the hierarchy.


Encoding Type:  One-Hot
+-----------------------------------------------------------------------------------------------------------------------------------------------------------------------------+
; State Machine - |Sistema_Ascensor_Top|Ascensor_top:Ascensor_inst|main_state                                                                                                 ;
+---------------------------+-------------------------+---------------------------+-------------------------+------------------------+----------------------+-----------------+
; Name                      ; main_state.DOOR_CLOSING ; main_state.DOOR_OPEN_WAIT ; main_state.DOOR_OPENING ; main_state.MOVING_DOWN ; main_state.MOVING_UP ; main_state.IDLE ;
+---------------------------+-------------------------+---------------------------+-------------------------+------------------------+----------------------+-----------------+
; main_state.IDLE           ; 0                       ; 0                         ; 0                       ; 0                      ; 0                    ; 0               ;
; main_state.MOVING_UP      ; 0                       ; 0                         ; 0                       ; 0                      ; 1                    ; 1               ;
; main_state.MOVING_DOWN    ; 0                       ; 0                         ; 0                       ; 1                      ; 0                    ; 1               ;
; main_state.DOOR_OPENING   ; 0                       ; 0                         ; 1                       ; 0                      ; 0                    ; 1               ;
; main_state.DOOR_OPEN_WAIT ; 0                       ; 1                         ; 0                       ; 0                      ; 0                    ; 1               ;
; main_state.DOOR_CLOSING   ; 1                       ; 0                         ; 0                       ; 0                      ; 0                    ; 1               ;
+---------------------------+-------------------------+---------------------------+-------------------------+------------------------+----------------------+-----------------+


+----------------------------------------------------------------------------------------------------------------------------+
; Registers Removed During Synthesis                                                                                         ;
+---------------------------------------------------------------+------------------------------------------------------------+
; Register name                                                 ; Reason for Removal                                         ;
+---------------------------------------------------------------+------------------------------------------------------------+
; Ascensor_top:Ascensor_inst|servo_pwm_width[0..2,11,12,17..19] ; Stuck at GND due to stuck port data_in                     ;
; Ascensor_top:Ascensor_inst|mem_addr[0,2]                      ; Stuck at GND due to stuck port data_in                     ;
; Ascensor_top:Ascensor_inst|servo_pwm_width[5,7,16]            ; Merged with Ascensor_top:Ascensor_inst|servo_pwm_width[10] ;
; Ascensor_top:Ascensor_inst|servo_pwm_width[9]                 ; Merged with Ascensor_top:Ascensor_inst|servo_pwm_width[15] ;
; Ascensor_top:Ascensor_inst|servo_pwm_width[8]                 ; Merged with Ascensor_top:Ascensor_inst|servo_pwm_width[14] ;
; Ascensor_top:Ascensor_inst|servo_pwm_width[3]                 ; Merged with Ascensor_top:Ascensor_inst|servo_pwm_width[13] ;
; Ascensor_top:Ascensor_inst|servo_pwm_width[6]                 ; Merged with Ascensor_top:Ascensor_inst|servo_pwm_width[4]  ;
; Ascensor_top:Ascensor_inst|mem_addr[3,4]                      ; Merged with Ascensor_top:Ascensor_inst|mem_addr[1]         ;
; Total Number of Removed Registers = 19                        ;                                                            ;
+---------------------------------------------------------------+------------------------------------------------------------+


+------------------------------------------------------+
; General Register Statistics                          ;
+----------------------------------------------+-------+
; Statistic                                    ; Value ;
+----------------------------------------------+-------+
; Total registers                              ; 206   ;
; Number of registers using Synchronous Clear  ; 75    ;
; Number of registers using Synchronous Load   ; 0     ;
; Number of registers using Asynchronous Clear ; 201   ;
; Number of registers using Asynchronous Load  ; 0     ;
; Number of registers using Clock Enable       ; 127   ;
; Number of registers using Preset             ; 0     ;
+----------------------------------------------+-------+


+----------------------------------------------------------+
; Inverted Register Statistics                             ;
+------------------------------------------------+---------+
; Inverted Register                              ; Fan out ;
+------------------------------------------------+---------+
; Ascensor_top:Ascensor_inst|servo_pwm_width[13] ; 4       ;
; Ascensor_top:Ascensor_inst|servo_pwm_width[4]  ; 3       ;
; Ascensor_top:Ascensor_inst|servo_pwm_width[10] ; 5       ;
; Ascensor_top:Ascensor_inst|target_floor[0]     ; 2       ;
; Ascensor_top:Ascensor_inst|system_memory[0][0] ; 2       ;
; Ascensor_top:Ascensor_inst|mem_data_in[0]      ; 1       ;
; Total number of inverted registers = 6         ;         ;
+------------------------------------------------+---------+


+---------------------------------------------------------------------------------------------------------------------------------------------------------------------------------+
; Multiplexer Restructuring Statistics (Restructuring Performed)                                                                                                                  ;
+--------------------+-----------+---------------+----------------------+------------------------+------------+-------------------------------------------------------------------+
; Multiplexer Inputs ; Bus Width ; Baseline Area ; Area if Restructured ; Saving if Restructured ; Registered ; Example Multiplexer Output                                        ;
+--------------------+-----------+---------------+----------------------+------------------------+------------+-------------------------------------------------------------------+
; 4:1                ; 3 bits    ; 6 LEs         ; 3 LEs                ; 3 LEs                  ; Yes        ; |Sistema_Ascensor_Top|ContadorPersonas:Contador_inst|contador[3]  ;
; 5:1                ; 27 bits   ; 81 LEs        ; 27 LEs               ; 54 LEs                 ; Yes        ; |Sistema_Ascensor_Top|Ascensor_top:Ascensor_inst|wait_counter[0]  ;
; 8:1                ; 28 bits   ; 140 LEs       ; 28 LEs               ; 112 LEs                ; Yes        ; |Sistema_Ascensor_Top|Ascensor_top:Ascensor_inst|timer_counter[3] ;
; 15:1               ; 26 bits   ; 260 LEs       ; 26 LEs               ; 234 LEs                ; Yes        ; |Sistema_Ascensor_Top|Ascensor_top:Ascensor_inst|door_counter[22] ;
; 5:1                ; 2 bits    ; 6 LEs         ; 2 LEs                ; 4 LEs                  ; Yes        ; |Sistema_Ascensor_Top|Ascensor_top:Ascensor_inst|current_floor[1] ;
; 3:1                ; 7 bits    ; 14 LEs        ; 7 LEs                ; 7 LEs                  ; No         ; |Sistema_Ascensor_Top|Ascensor_top:Ascensor_inst|best_score       ;
; 3:1                ; 7 bits    ; 14 LEs        ; 7 LEs                ; 7 LEs                  ; No         ; |Sistema_Ascensor_Top|Ascensor_top:Ascensor_inst|best_score       ;
; 3:1                ; 7 bits    ; 14 LEs        ; 7 LEs                ; 7 LEs                  ; No         ; |Sistema_Ascensor_Top|Ascensor_top:Ascensor_inst|best_score       ;
; 3:1                ; 7 bits    ; 14 LEs        ; 7 LEs                ; 7 LEs                  ; No         ; |Sistema_Ascensor_Top|Ascensor_top:Ascensor_inst|best_score       ;
; 7:1                ; 3 bits    ; 12 LEs        ; 12 LEs               ; 0 LEs                  ; No         ; |Sistema_Ascensor_Top|Ascensor_top:Ascensor_inst|next_target      ;
; 17:1               ; 4 bits    ; 44 LEs        ; 16 LEs               ; 28 LEs                 ; No         ; |Sistema_Ascensor_Top|Ascensor_top:Ascensor_inst|Selector19       ;
; 19:1               ; 2 bits    ; 24 LEs        ; 6 LEs                ; 18 LEs                 ; No         ; |Sistema_Ascensor_Top|Ascensor_top:Ascensor_inst|Selector21       ;
+--------------------+-----------+---------------+----------------------+------------------------+------------+-------------------------------------------------------------------+


+-------------------------------------------------------------------------+
; Parameter Settings for User Entity Instance: Ascensor_top:Ascensor_inst ;
+----------------+-----------+--------------------------------------------+
; Parameter Name ; Value     ; Type                                       ;
+----------------+-----------+--------------------------------------------+
; CLK_FREQ       ; 50000000  ; Signed Integer                             ;
; PWM_PERIOD     ; 1000000   ; Signed Integer                             ;
; DOOR_TIME      ; 50000000  ; Signed Integer                             ;
; FLOOR_TIME     ; 150000000 ; Signed Integer                             ;
; DOOR_DELAY     ; 100000000 ; Signed Integer                             ;
+----------------+-----------+--------------------------------------------+
Note: In order to hide this table in the UI and the text report file, please set the "Show Parameter Settings in Synthesis Report" option in "Analysis and Synthesis Settings -> More Settings" to "Off".


+-------------------------------+
; Elapsed Time Per Partition    ;
+----------------+--------------+
; Partition Name ; Elapsed Time ;
+----------------+--------------+
; Top            ; 00:00:03     ;
+----------------+--------------+


+-------------------------------+
; Analysis & Synthesis Messages ;
+-------------------------------+
Info: *******************************************************************
Info: Running Quartus II 64-Bit Analysis & Synthesis
    Info: Version 13.1.0 Build 162 10/23/2013 SJ Web Edition
    Info: Processing started: Mon Jun 09 21:59:54 2025
Info: Command: quartus_map --read_settings_files=on --write_settings_files=off Sistema_Ascensor_Top -c Sistema_Ascensor_Top
Warning (20028): Parallel compilation is not licensed and has been disabled
Info (12021): Found 2 design units, including 1 entities, in source file /users/acer/desktop/proyecto ascensor/proyecto ascensor/ascensor_top/ascensor_top.vhd
    Info (12022): Found design unit 1: Ascensor_top-Arch_MemAscensor
    Info (12023): Found entity 1: Ascensor_top
Info (12021): Found 2 design units, including 1 entities, in source file /users/acer/desktop/proyecto ascensor/proyecto ascensor/contadorpersonas/contadorpersonas.vhd
    Info (12022): Found design unit 1: ContadorPersonas-Arch_ConPer
    Info (12023): Found entity 1: ContadorPersonas
Info (12021): Found 2 design units, including 1 entities, in source file /users/acer/desktop/proyecto ascensor/proyecto ascensor/display7segmentos/display7segmentos.vhd
    Info (12022): Found design unit 1: Display7Segmentos-Arch_D7S
    Info (12023): Found entity 1: Display7Segmentos
Info (12021): Found 2 design units, including 1 entities, in source file sistema_ascensor_top.vhd
    Info (12022): Found design unit 1: Sistema_Ascensor_Top-Arch_SA
    Info (12023): Found entity 1: Sistema_Ascensor_Top
Info (12021): Found 2 design units, including 1 entities, in source file /users/acer/desktop/proyecto ascensor/proyecto ascensor/botonesinternos/botonesinternos.vhd
    Info (12022): Found design unit 1: BotonesInternos-Arch_BI
    Info (12023): Found entity 1: BotonesInternos
Info (12127): Elaborating entity "Sistema_Ascensor_Top" for the top level hierarchy
Info (12128): Elaborating entity "Ascensor_top" for hierarchy "Ascensor_top:Ascensor_inst"
Warning (10036): Verilog HDL or VHDL warning at Ascensor_top.vhd(103): object "mem_data_out" assigned a value but never read
Warning (10492): VHDL Process Statement warning at Ascensor_top.vhd(153): signal "system_memory" is read inside the Process Statement but isn't in the Process Statement's sensitivity list
Info (12128): Elaborating entity "Display7Segmentos" for hierarchy "Display7Segmentos:Display_inst"
Info (12128): Elaborating entity "ContadorPersonas" for hierarchy "ContadorPersonas:Contador_inst"
Info (13000): Registers with preset signals will power-up high
Info (13003): DEV_CLRn pin will set, and not reset, register with preset signal due to NOT Gate Push-Back
Warning (13004): Presettable and clearable registers converted to equivalent circuits with latches. Registers power-up to an undefined state, and DEVCLRn places the registers in an undefined state.
    Warning (13310): Register "Ascensor_top:Ascensor_inst|current_floor[2]" is converted into an equivalent circuit using register "Ascensor_top:Ascensor_inst|current_floor[2]~_emulated" and latch "Ascensor_top:Ascensor_inst|current_floor[2]~1"
    Warning (13310): Register "Ascensor_top:Ascensor_inst|current_floor[1]" is converted into an equivalent circuit using register "Ascensor_top:Ascensor_inst|current_floor[1]~_emulated" and latch "Ascensor_top:Ascensor_inst|current_floor[1]~5"
    Warning (13310): Register "Ascensor_top:Ascensor_inst|current_floor[0]" is converted into an equivalent circuit using register "Ascensor_top:Ascensor_inst|current_floor[0]~_emulated" and latch "Ascensor_top:Ascensor_inst|current_floor[0]~9"
Warning (13024): Output pins are stuck at VCC or GND
    Warning (13410): Pin "display_7seg_decenas[0]" is stuck at VCC
    Warning (13410): Pin "display_7seg_decenas[3]" is stuck at VCC
    Warning (13410): Pin "display_7seg_decenas[4]" is stuck at VCC
    Warning (13410): Pin "display_7seg_decenas[5]" is stuck at VCC
    Warning (13410): Pin "display_7seg_decenas[6]" is stuck at VCC
Critical Warning (18061): Ignored Power-Up Level option on the following registers
    Critical Warning (18010): Register Ascensor_top:Ascensor_inst|system_memory[0][0] will power up to High
Info (286030): Timing-Driven Synthesis is running
Info (16010): Generating hard_block partition "hard_block:auto_generated_inst"
    Info (16011): Adding 0 node(s), including 0 DDIO, 0 PLL, 0 transceiver and 0 LCELL
Info (21057): Implemented 602 device resources after synthesis - the final resource count might be different
    Info (21058): Implemented 12 input pins
    Info (21059): Implemented 34 output pins
    Info (21061): Implemented 556 logic cells
Info: Quartus II 64-Bit Analysis & Synthesis was successful. 0 errors, 15 warnings
    Info: Peak virtual memory: 4677 megabytes
    Info: Processing ended: Mon Jun 09 22:00:00 2025
    Info: Elapsed time: 00:00:06
    Info: Total CPU time (on all processors): 00:00:05


